<?xml version="1.0" encoding="UTF-8"?>
<!-- Generated by org.testng.reporters.JUnitXMLReporter -->
<testsuite hostname="Prabhagarans-MacBook-Pro.local" ignored="1" name="Test(failed)" tests="1" failures="1" timestamp="13 Apr 2019 00:59:37 GMT" time="6.416" errors="0">
  <testcase name="test2" time="0.013" classname="test.LoginPageTest">
    <failure type="java.lang.AssertionError" message="expected [true] but found [false]">
      <![CDATA[java.lang.AssertionError: expected [true] but found [false]
at test.LoginPageTest.test2(LoginPageTest.java:76)
... Removed 31 stack frames]]>
    </failure>
  </testcase> <!-- test2 -->
  <testcase name="loginMethod" time="0.0" classname="test.LoginPageTest">
    <ignored/>
  </testcase> <!-- loginMethod -->
</testsuite> <!-- Test(failed) -->
